Determining if the pthread_create exist failed with the following output:
Change Dir: /home/aswath/ros/build/CMakeFiles/CMakeTmp

Run Build Command:/usr/bin/make "cmTryCompileExec2892843349/fast"
/usr/bin/make -f CMakeFiles/cmTryCompileExec2892843349.dir/build.make CMakeFiles/cmTryCompileExec2892843349.dir/build
make[1]: Entering directory `/home/aswath/ros/build/CMakeFiles/CMakeTmp'
/usr/bin/cmake -E cmake_progress_report /home/aswath/ros/build/CMakeFiles/CMakeTmp/CMakeFiles 1
Building C object CMakeFiles/cmTryCompileExec2892843349.dir/CheckSymbolExists.c.o
/usr/bin/cc    -o CMakeFiles/cmTryCompileExec2892843349.dir/CheckSymbolExists.c.o   -c /home/aswath/ros/build/CMakeFiles/CMakeTmp/CheckSymbolExists.c
Linking C executable cmTryCompileExec2892843349
/usr/bin/cmake -E cmake_link_script CMakeFiles/cmTryCompileExec2892843349.dir/link.txt --verbose=1
/usr/bin/cc       CMakeFiles/cmTryCompileExec2892843349.dir/CheckSymbolExists.c.o  -o cmTryCompileExec2892843349 -rdynamic 
CMakeFiles/cmTryCompileExec2892843349.dir/CheckSymbolExists.c.o: In function `main':
CheckSymbolExists.c:(.text+0x16): undefined reference to `pthread_create'
collect2: error: ld returned 1 exit status
make[1]: *** [cmTryCompileExec2892843349] Error 1
make[1]: Leaving directory `/home/aswath/ros/build/CMakeFiles/CMakeTmp'
make: *** [cmTryCompileExec2892843349/fast] Error 2

File /home/aswath/ros/build/CMakeFiles/CMakeTmp/CheckSymbolExists.c:
/* */
#include <pthread.h>

int main(int argc, char** argv)
{
  (void)argv;
#ifndef pthread_create
  return ((int*)(&pthread_create))[argc];
#else
  (void)argc;
  return 0;
#endif
}

Determining if the function pthread_create exists in the pthreads failed with the following output:
Change Dir: /home/aswath/ros/build/CMakeFiles/CMakeTmp

Run Build Command:/usr/bin/make "cmTryCompileExec2100457243/fast"
/usr/bin/make -f CMakeFiles/cmTryCompileExec2100457243.dir/build.make CMakeFiles/cmTryCompileExec2100457243.dir/build
make[1]: Entering directory `/home/aswath/ros/build/CMakeFiles/CMakeTmp'
/usr/bin/cmake -E cmake_progress_report /home/aswath/ros/build/CMakeFiles/CMakeTmp/CMakeFiles 1
Building C object CMakeFiles/cmTryCompileExec2100457243.dir/CheckFunctionExists.c.o
/usr/bin/cc   -DCHECK_FUNCTION_EXISTS=pthread_create   -o CMakeFiles/cmTryCompileExec2100457243.dir/CheckFunctionExists.c.o   -c /usr/share/cmake-2.8/Modules/CheckFunctionExists.c
Linking C executable cmTryCompileExec2100457243
/usr/bin/cmake -E cmake_link_script CMakeFiles/cmTryCompileExec2100457243.dir/link.txt --verbose=1
/usr/bin/cc   -DCHECK_FUNCTION_EXISTS=pthread_create    CMakeFiles/cmTryCompileExec2100457243.dir/CheckFunctionExists.c.o  -o cmTryCompileExec2100457243 -rdynamic -lpthreads 
/usr/bin/ld: cannot find -lpthreads
collect2: error: ld returned 1 exit status
make[1]: *** [cmTryCompileExec2100457243] Error 1
make[1]: Leaving directory `/home/aswath/ros/build/CMakeFiles/CMakeTmp'
make: *** [cmTryCompileExec2100457243/fast] Error 2


Determining if the Q_WS_WIN exist failed with the following output:
Change Dir: /home/aswath/ros/build/CMakeFiles/CMakeTmp

Run Build Command:/usr/bin/make "cmTryCompileExec814434945/fast"
make[1]: Entering directory `/home/aswath/ros/build/CMakeFiles/CMakeTmp'
/usr/bin/make -f CMakeFiles/cmTryCompileExec814434945.dir/build.make CMakeFiles/cmTryCompileExec814434945.dir/build
make[2]: Entering directory `/home/aswath/ros/build/CMakeFiles/CMakeTmp'
/usr/bin/cmake -E cmake_progress_report /home/aswath/ros/build/CMakeFiles/CMakeTmp/CMakeFiles 1
Building CXX object CMakeFiles/cmTryCompileExec814434945.dir/CheckSymbolExists.cxx.o
/usr/bin/c++    -I/usr/include/qt4    -o CMakeFiles/cmTryCompileExec814434945.dir/CheckSymbolExists.cxx.o -c /home/aswath/ros/build/CMakeFiles/CMakeTmp/CheckSymbolExists.cxx
/home/aswath/ros/build/CMakeFiles/CMakeTmp/CheckSymbolExists.cxx: In function ‘int main(int, char**)’:
/home/aswath/ros/build/CMakeFiles/CMakeTmp/CheckSymbolExists.cxx:8:19: error: ‘Q_WS_WIN’ was not declared in this scope
   return ((int*)(&Q_WS_WIN))[argc];
                   ^
make[2]: *** [CMakeFiles/cmTryCompileExec814434945.dir/CheckSymbolExists.cxx.o] Error 1
make[2]: Leaving directory `/home/aswath/ros/build/CMakeFiles/CMakeTmp'
make[1]: Leaving directory `/home/aswath/ros/build/CMakeFiles/CMakeTmp'
make[1]: *** [cmTryCompileExec814434945/fast] Error 2

File /home/aswath/ros/build/CMakeFiles/CMakeTmp/CheckSymbolExists.cxx:
/* */
#include <QtCore/qglobal.h>

int main(int argc, char** argv)
{
  (void)argv;
#ifndef Q_WS_WIN
  return ((int*)(&Q_WS_WIN))[argc];
#else
  (void)argc;
  return 0;
#endif
}

Determining if the Q_WS_QWS exist failed with the following output:
Change Dir: /home/aswath/ros/build/CMakeFiles/CMakeTmp

Run Build Command:/usr/bin/make "cmTryCompileExec3001492349/fast"
make[1]: Entering directory `/home/aswath/ros/build/CMakeFiles/CMakeTmp'
/usr/bin/make -f CMakeFiles/cmTryCompileExec3001492349.dir/build.make CMakeFiles/cmTryCompileExec3001492349.dir/build
make[2]: Entering directory `/home/aswath/ros/build/CMakeFiles/CMakeTmp'
/usr/bin/cmake -E cmake_progress_report /home/aswath/ros/build/CMakeFiles/CMakeTmp/CMakeFiles 1
Building CXX object CMakeFiles/cmTryCompileExec3001492349.dir/CheckSymbolExists.cxx.o
/usr/bin/c++    -I/usr/include/qt4    -o CMakeFiles/cmTryCompileExec3001492349.dir/CheckSymbolExists.cxx.o -c /home/aswath/ros/build/CMakeFiles/CMakeTmp/CheckSymbolExists.cxx
/home/aswath/ros/build/CMakeFiles/CMakeTmp/CheckSymbolExists.cxx: In function ‘int main(int, char**)’:
/home/aswath/ros/build/CMakeFiles/CMakeTmp/CheckSymbolExists.cxx:8:19: error: ‘Q_WS_QWS’ was not declared in this scope
   return ((int*)(&Q_WS_QWS))[argc];
                   ^
make[2]: *** [CMakeFiles/cmTryCompileExec3001492349.dir/CheckSymbolExists.cxx.o] Error 1
make[2]: Leaving directory `/home/aswath/ros/build/CMakeFiles/CMakeTmp'
make[1]: *** [cmTryCompileExec3001492349/fast] Error 2
make[1]: Leaving directory `/home/aswath/ros/build/CMakeFiles/CMakeTmp'

File /home/aswath/ros/build/CMakeFiles/CMakeTmp/CheckSymbolExists.cxx:
/* */
#include <QtCore/qglobal.h>

int main(int argc, char** argv)
{
  (void)argv;
#ifndef Q_WS_QWS
  return ((int*)(&Q_WS_QWS))[argc];
#else
  (void)argc;
  return 0;
#endif
}

Determining if the Q_WS_MAC exist failed with the following output:
Change Dir: /home/aswath/ros/build/CMakeFiles/CMakeTmp

Run Build Command:/usr/bin/make "cmTryCompileExec770844568/fast"
make[1]: Entering directory `/home/aswath/ros/build/CMakeFiles/CMakeTmp'
/usr/bin/make -f CMakeFiles/cmTryCompileExec770844568.dir/build.make CMakeFiles/cmTryCompileExec770844568.dir/build
make[2]: Entering directory `/home/aswath/ros/build/CMakeFiles/CMakeTmp'
/usr/bin/cmake -E cmake_progress_report /home/aswath/ros/build/CMakeFiles/CMakeTmp/CMakeFiles 1
Building CXX object CMakeFiles/cmTryCompileExec770844568.dir/CheckSymbolExists.cxx.o
/usr/bin/c++    -I/usr/include/qt4    -o CMakeFiles/cmTryCompileExec770844568.dir/CheckSymbolExists.cxx.o -c /home/aswath/ros/build/CMakeFiles/CMakeTmp/CheckSymbolExists.cxx
/home/aswath/ros/build/CMakeFiles/CMakeTmp/CheckSymbolExists.cxx: In function ‘int main(int, char**)’:
/home/aswath/ros/build/CMakeFiles/CMakeTmp/CheckSymbolExists.cxx:8:19: error: ‘Q_WS_MAC’ was not declared in this scope
   return ((int*)(&Q_WS_MAC))[argc];
                   ^
make[2]: *** [CMakeFiles/cmTryCompileExec770844568.dir/CheckSymbolExists.cxx.o] Error 1
make[2]: Leaving directory `/home/aswath/ros/build/CMakeFiles/CMakeTmp'
make[1]: *** [cmTryCompileExec770844568/fast] Error 2
make[1]: Leaving directory `/home/aswath/ros/build/CMakeFiles/CMakeTmp'

File /home/aswath/ros/build/CMakeFiles/CMakeTmp/CheckSymbolExists.cxx:
/* */
#include <QtCore/qglobal.h>

int main(int argc, char** argv)
{
  (void)argv;
#ifndef Q_WS_MAC
  return ((int*)(&Q_WS_MAC))[argc];
#else
  (void)argc;
  return 0;
#endif
}

